<?xml version="1.0" encoding="UTF-8"?>
<!-- Generated by org.testng.reporters.JUnitReportReporter -->
<testsuite hostname="DESKTOP-PTVJCGN" name="Scripts.TestValidLogin" tests="1" failures="0" timestamp="6 May 2019 05:26:19 GMT" time="62.474" errors="0">
  <testcase name="testValidLogin" time="62.474" classname="Scripts.TestValidLogin"/>
</testsuite> <!-- Scripts.TestValidLogin -->
