<?xml version="1.0" encoding="UTF-8"?>
<!-- Generated by org.testng.reporters.JUnitReportReporter -->
<testsuite hostname="DESKTOP-PTVJCGN" name="TestngDemo.testng5" tests="1" failures="0" timestamp="22 Apr 2019 07:09:20 GMT" time="0.021" errors="0">
  <testcase name="tc_6" time="0.021" classname="TestngDemo.testng5"/>
</testsuite> <!-- TestngDemo.testng5 -->
