<?xml version="1.0" encoding="UTF-8"?>
<!-- Generated by org.testng.reporters.JUnitReportReporter -->
<testsuite hostname="DESKTOP-PTVJCGN" name="TestngDemo.TestDemo" tests="1" failures="0" timestamp="18 Apr 2019 05:26:05 GMT" time="0.022" errors="0">
  <testcase name="demo" time="0.022" classname="TestngDemo.TestDemo"/>
</testsuite> <!-- TestngDemo.TestDemo -->
