<?xml version="1.0" encoding="UTF-8"?>
<!-- Generated by org.testng.reporters.JUnitReportReporter -->
<testsuite hostname="DESKTOP-PTVJCGN" name="TestngDemo.testng2" tests="4" failures="0" timestamp="18 Apr 2019 05:38:10 GMT" time="0.013" errors="0">
  <testcase name="edituser" time="0.000" classname="TestngDemo.testng2"/>
  <testcase name="edituser" time="0.003" classname="TestngDemo.testng2"/>
  <testcase name="createuser" time="0.000" classname="TestngDemo.testng2"/>
  <testcase name="deleteuser" time="0.010" classname="TestngDemo.testng2"/>
</testsuite> <!-- TestngDemo.testng2 -->
