<?xml version="1.0" encoding="UTF-8"?>
<!-- Generated by org.testng.reporters.JUnitReportReporter -->
<testsuite hostname="DESKTOP-PTVJCGN" name="TestngDemo.Parameter" tests="1" failures="0" timestamp="24 Apr 2019 14:07:03 GMT" time="0.016" errors="0">
  <testcase name="databank" time="0.016" classname="TestngDemo.Parameter"/>
</testsuite> <!-- TestngDemo.Parameter -->
