<?xml version="1.0" encoding="UTF-8"?>
<!-- Generated by org.testng.reporters.JUnitReportReporter -->
<testsuite hostname="DESKTOP-PTVJCGN" name="TestngDemo.BaseTestng" tests="1" failures="0" timestamp="22 Apr 2019 07:50:24 GMT" time="0.016" errors="0">
  <testcase name="printA" time="0.016" classname="TestngDemo.BaseTestng"/>
</testsuite> <!-- TestngDemo.BaseTestng -->
